<?xml version="1.0" encoding="UTF-8"?>
<testng-results skipped="0" failed="0" total="1" passed="1">
  <reporter-output>
  </reporter-output>
  <suite name="Default suite" duration-ms="57475" started-at="2018-03-07T18:23:34Z" finished-at="2018-03-07T18:24:32Z">
    <groups>
    </groups>
    <test name="Default test" duration-ms="57475" started-at="2018-03-07T18:23:34Z" finished-at="2018-03-07T18:24:32Z">
      <class name="Upload_File_Using_Robot_Class">
        <test-method status="PASS" signature="Uploadfile()[pri:0, instance:Upload_File_Using_Robot_Class@19f379]" name="Uploadfile" duration-ms="57428" started-at="2018-03-07T23:53:34Z" finished-at="2018-03-07T23:54:32Z">
          <reporter-output>
          </reporter-output>
        </test-method> <!-- Uploadfile -->
      </class> <!-- Upload_File_Using_Robot_Class -->
    </test> <!-- Default test -->
  </suite> <!-- Default suite -->
</testng-results>
